<?xml version="1.0" encoding="UTF-8"?>
<!-- Generated by org.testng.reporters.JUnitReportReporter -->
<testsuite hostname="LAP-PSD011" failures="0" tests="2" name="Framework.TestNG2.NG2class" time="14.060" errors="0" timestamp="2023-12-29T19:27:54 PKT" skipped="0">
  <testcase classname="Framework.TestNG2.NG2class" name="login" time="14.058"/>
  <testcase classname="Framework.TestNG2.NG2class" name="moneee" time="0.002"/>
</testsuite> <!-- Framework.TestNG2.NG2class -->
