<?xml version="1.0" encoding="UTF-8"?>
<!-- Generated by org.testng.reporters.JUnitReportReporter -->
<testsuite hostname="LAP-PSD011" failures="0" tests="1" name="Framework.TestNG2.NG2class3" time="0.002" errors="0" timestamp="2023-12-29T19:27:54 PKT" skipped="0">
  <testcase classname="Framework.TestNG2.NG2class3" name="prioritym" time="0.002"/>
</testsuite> <!-- Framework.TestNG2.NG2class3 -->
